{"uuid":"4cb08172-e4f2-4ca7-85b8-c9dc58b8d638","historyId":"b85f5beca0d16abad84e098e936ea5bb","fullName":"tests.AmazonTest.amazon_shopping_test","labels":[{"name":"package","value":"tests.AmazonTest"},{"name":"testClass","value":"tests.AmazonTest"},{"name":"testMethod","value":"amazon_shopping_test"},{"name":"parentSuite","value":"Default Suite"},{"name":"suite","value":"InsiderOptimus_Odev2"},{"name":"subSuite","value":"tests.AmazonTest"},{"name":"host","value":"sezgin"},{"name":"thread","value":"9920@sezgin.main(1)"},{"name":"framework","value":"testng"},{"name":"language","value":"java"}],"links":[],"name":"Amazon.com'da sepete ürün ekleme ve silme işlemi yapip geri anasayfaya dönme kontrolü","status":"failed","statusDetails":{"known":false,"muted":false,"flaky":false,"message":"Urun silinmedi expected [true] but found [false]","trace":"java.lang.AssertionError: Urun silinmedi expected [true] but found [false]\r\n\tat org.testng.Assert.fail(Assert.java:111)\r\n\tat org.testng.Assert.failNotEquals(Assert.java:1590)\r\n\tat org.testng.Assert.assertTrue(Assert.java:57)\r\n\tat pages.AmazonCartPage.deleteProductAndVerify(AmazonCartPage.java:65)\r\n\tat tests.AmazonTest.amazon_shopping_test(AmazonTest.java:42)\r\n\tat java.base/jdk.internal.reflect.NativeMethodAccessorImpl.invoke0(Native Method)\r\n\tat java.base/jdk.internal.reflect.NativeMethodAccessorImpl.invoke(NativeMethodAccessorImpl.java:77)\r\n\tat java.base/jdk.internal.reflect.DelegatingMethodAccessorImpl.invoke(DelegatingMethodAccessorImpl.java:43)\r\n\tat java.base/java.lang.reflect.Method.invoke(Method.java:569)\r\n\tat org.testng.internal.invokers.MethodInvocationHelper.invokeMethod(MethodInvocationHelper.java:141)\r\n\tat org.testng.internal.invokers.TestInvoker.invokeMethod(TestInvoker.java:687)\r\n\tat org.testng.internal.invokers.TestInvoker.invokeTestMethod(TestInvoker.java:230)\r\n\tat org.testng.internal.invokers.MethodRunner.runInSequence(MethodRunner.java:63)\r\n\tat org.testng.internal.invokers.TestInvoker$MethodInvocationAgent.invoke(TestInvoker.java:995)\r\n\tat org.testng.internal.invokers.TestInvoker.invokeTestMethods(TestInvoker.java:203)\r\n\tat org.testng.internal.invokers.TestMethodWorker.invokeTestMethods(TestMethodWorker.java:154)\r\n\tat org.testng.internal.invokers.TestMethodWorker.run(TestMethodWorker.java:134)\r\n\tat java.base/java.util.ArrayList.forEach(ArrayList.java:1511)\r\n\tat org.testng.TestRunner.privateRun(TestRunner.java:741)\r\n\tat org.testng.TestRunner.run(TestRunner.java:616)\r\n\tat org.testng.SuiteRunner.runTest(SuiteRunner.java:421)\r\n\tat org.testng.SuiteRunner.runSequentially(SuiteRunner.java:413)\r\n\tat org.testng.SuiteRunner.privateRun(SuiteRunner.java:373)\r\n\tat org.testng.SuiteRunner.run(SuiteRunner.java:312)\r\n\tat org.testng.SuiteRunnerWorker.runSuite(SuiteRunnerWorker.java:52)\r\n\tat org.testng.SuiteRunnerWorker.run(SuiteRunnerWorker.java:95)\r\n\tat org.testng.TestNG.runSuitesSequentially(TestNG.java:1274)\r\n\tat org.testng.TestNG.runSuitesLocally(TestNG.java:1208)\r\n\tat org.testng.TestNG.runSuites(TestNG.java:1112)\r\n\tat org.testng.TestNG.run(TestNG.java:1079)\r\n\tat com.intellij.rt.testng.IDEARemoteTestNG.run(IDEARemoteTestNG.java:65)\r\n\tat com.intellij.rt.testng.RemoteTestNGStarter.main(RemoteTestNGStarter.java:105)\r\n"},"stage":"finished","steps":[{"name":"Amazona gidip anaSayfada oldugu dogrulanir","status":"passed","stage":"finished","steps":[],"attachments":[],"parameters":[],"start":1742138452307,"stop":1742138456240},{"name":"Amazon.com.tr'de cikan cookie handle ediliyor eger yoksa try-catch ile adimi atliyor","status":"passed","stage":"finished","steps":[],"attachments":[],"parameters":[],"start":1742138456240,"stop":1742138456412},{"name":"Samsung urun aramasi yapilir","status":"passed","stage":"finished","steps":[],"attachments":[{"name":"Screenshot","source":"ab5d2ac4-5925-479e-89d6-1b3d1fac5cb2-attachment","type":"image/png"}],"parameters":[{"name":"urun","value":"product"}],"start":1742138456414,"stop":1742138458576},{"name":"Aranan ürünün sonuçlarinin oldugu dogrulanir","status":"passed","stage":"finished","steps":[],"attachments":[{"name":"Screenshot","source":"54ba0b67-f394-4f7d-b49d-b742fa611c96-attachment","type":"image/png"}],"parameters":[],"start":1742138458576,"stop":1742138459855},{"name":"Arama sonucunun ikinci sayfasina gidilip, dogrulandi","status":"passed","stage":"finished","steps":[],"attachments":[{"name":"Screenshot","source":"1dfddd1e-d039-4a83-9a14-f885a0156bc2-attachment","type":"image/png"}],"parameters":[],"start":1742138459855,"stop":1742138463444},{"name":"Sayfadaki ürünler listesinden üçüncü ürün secildi","status":"passed","stage":"finished","steps":[],"attachments":[{"name":"Screenshot","source":"a148b259-1332-460e-8683-c7610ea2330e-attachment","type":"image/png"}],"parameters":[{"name":"productIndex","value":"3"}],"start":1742138463445,"stop":1742138467886},{"name":"İstenilen ürünün secildigi dogrulandi","status":"passed","stage":"finished","steps":[],"attachments":[{"name":"Screenshot","source":"732239d5-1e90-4829-8c8e-c9a2abc650de-attachment","type":"image/png"}],"parameters":[],"start":1742138467887,"stop":1742138469044},{"name":"Sepete ürünü ekler ve dogrular","status":"passed","stage":"finished","steps":[],"attachments":[],"parameters":[],"start":1742138469044,"stop":1742138471278},{"name":"Sepete gider ve sepette oldugunu dogrular","status":"passed","stage":"finished","steps":[],"attachments":[{"name":"Screenshot","source":"cea8e0bf-4a31-4787-9110-4d35e2bfa436-attachment","type":"image/png"}],"parameters":[],"start":1742138471278,"stop":1742138473324},{"name":"Sepetteki urunu siler ve dogrular","status":"failed","statusDetails":{"known":false,"muted":false,"flaky":false,"message":"Urun silinmedi expected [true] but found [false]","trace":"java.lang.AssertionError: Urun silinmedi expected [true] but found [false]\r\n\tat org.testng.Assert.fail(Assert.java:111)\r\n\tat org.testng.Assert.failNotEquals(Assert.java:1590)\r\n\tat org.testng.Assert.assertTrue(Assert.java:57)\r\n\tat pages.AmazonCartPage.deleteProductAndVerify(AmazonCartPage.java:65)\r\n\tat tests.AmazonTest.amazon_shopping_test(AmazonTest.java:42)\r\n\tat java.base/jdk.internal.reflect.NativeMethodAccessorImpl.invoke0(Native Method)\r\n\tat java.base/jdk.internal.reflect.NativeMethodAccessorImpl.invoke(NativeMethodAccessorImpl.java:77)\r\n\tat java.base/jdk.internal.reflect.DelegatingMethodAccessorImpl.invoke(DelegatingMethodAccessorImpl.java:43)\r\n\tat java.base/java.lang.reflect.Method.invoke(Method.java:569)\r\n\tat org.testng.internal.invokers.MethodInvocationHelper.invokeMethod(MethodInvocationHelper.java:141)\r\n\tat org.testng.internal.invokers.TestInvoker.invokeMethod(TestInvoker.java:687)\r\n\tat org.testng.internal.invokers.TestInvoker.invokeTestMethod(TestInvoker.java:230)\r\n\tat org.testng.internal.invokers.MethodRunner.runInSequence(MethodRunner.java:63)\r\n\tat org.testng.internal.invokers.TestInvoker$MethodInvocationAgent.invoke(TestInvoker.java:995)\r\n\tat org.testng.internal.invokers.TestInvoker.invokeTestMethods(TestInvoker.java:203)\r\n\tat org.testng.internal.invokers.TestMethodWorker.invokeTestMethods(TestMethodWorker.java:154)\r\n\tat org.testng.internal.invokers.TestMethodWorker.run(TestMethodWorker.java:134)\r\n\tat java.base/java.util.ArrayList.forEach(ArrayList.java:1511)\r\n\tat org.testng.TestRunner.privateRun(TestRunner.java:741)\r\n\tat org.testng.TestRunner.run(TestRunner.java:616)\r\n\tat org.testng.SuiteRunner.runTest(SuiteRunner.java:421)\r\n\tat org.testng.SuiteRunner.runSequentially(SuiteRunner.java:413)\r\n\tat org.testng.SuiteRunner.privateRun(SuiteRunner.java:373)\r\n\tat org.testng.SuiteRunner.run(SuiteRunner.java:312)\r\n\tat org.testng.SuiteRunnerWorker.runSuite(SuiteRunnerWorker.java:52)\r\n\tat org.testng.SuiteRunnerWorker.run(SuiteRunnerWorker.java:95)\r\n\tat org.testng.TestNG.runSuitesSequentially(TestNG.java:1274)\r\n\tat org.testng.TestNG.runSuitesLocally(TestNG.java:1208)\r\n\tat org.testng.TestNG.runSuites(TestNG.java:1112)\r\n\tat org.testng.TestNG.run(TestNG.java:1079)\r\n\tat com.intellij.rt.testng.IDEARemoteTestNG.run(IDEARemoteTestNG.java:65)\r\n\tat com.intellij.rt.testng.RemoteTestNGStarter.main(RemoteTestNGStarter.java:105)\r\n"},"stage":"finished","steps":[],"attachments":[],"parameters":[],"start":1742138473325,"stop":1742138473461}],"attachments":[],"parameters":[],"start":1742138452291,"stop":1742138473465}