{"uuid":"a6431e70-f705-489f-b55d-ef7bb45d33a8","historyId":"b85f5beca0d16abad84e098e936ea5bb","fullName":"tests.AmazonTest.amazon_shopping_test","labels":[{"name":"package","value":"tests.AmazonTest"},{"name":"testClass","value":"tests.AmazonTest"},{"name":"testMethod","value":"amazon_shopping_test"},{"name":"parentSuite","value":"Default Suite"},{"name":"suite","value":"InsiderOptimus_Odev2"},{"name":"subSuite","value":"tests.AmazonTest"},{"name":"host","value":"sezgin"},{"name":"thread","value":"14928@sezgin.main(1)"},{"name":"framework","value":"testng"},{"name":"language","value":"java"}],"links":[],"name":"Amazon.com'da sepete ürün ekleme ve silme işlemi yapip geri anasayfaya dönme kontrolü","status":"broken","statusDetails":{"known":false,"muted":false,"flaky":false,"message":"element click intercepted: Element <a href=\"/s?k=samsung&amp;page=...&amp;xpid=qDp_Ixf4QSJJ7&amp;__mk_tr_TR=%C3%85M%C3%85%C5%BD%C3%95%C3%91&amp;qid=1742165118&amp;ref=sr_pg_2\" role=\"button\" tabindex=\"0\" aria-label=\"2 sayfasına git\" class=\"s-pagination-item s-pagination-button s-pagination-button-accessibility\">2</a> is not clickable at point (717, 35). Other element would receive the click: <input type=\"text\" id=\"twotabsearchtextbox\" value=\"samsung\" name=\"field-keywords\" autocomplete=\"off\" placeholder=\"Amazon.com.tr araması yapın\" class=\"nav-input nav-progressive-attribute\" dir=\"auto\" tabindex=\"0\" aria-label=\"Amazon.com.tr araması yapın\" role=\"searchbox\" aria-autocomplete=\"list\" aria-controls=\"sac-autocomplete-results-container\" aria-expanded=\"false\" aria-haspopup=\"grid\" spellcheck=\"false\">\n  (Session info: chrome=134.0.6998.89)\nBuild info: version: '4.29.0', revision: '5fc1ec94cb'\nSystem info: os.name: 'Windows 11', os.arch: 'amd64', os.version: '10.0', java.version: '17.0.14'\nDriver info: org.openqa.selenium.chrome.ChromeDriver\nCommand: [60cd04b02a474136ae946b1d9b311d4c, clickElement {id=f.6EFE115B4F68A4594E40B14B8B154586.d.AE85449E8FC5CDC2907227DC28D4C88E.e.291}]\nCapabilities {acceptInsecureCerts: false, browserName: chrome, browserVersion: 134.0.6998.89, chrome: {chromedriverVersion: 134.0.6998.88 (7e3d5c978c6d..., userDataDir: C:\\Users\\Dell\\AppData\\Local...}, fedcm:accounts: true, goog:chromeOptions: {debuggerAddress: localhost:61783}, networkConnectionEnabled: false, pageLoadStrategy: normal, platformName: windows, proxy: Proxy(), se:cdp: ws://localhost:61783/devtoo..., se:cdpVersion: 134.0.6998.89, setWindowRect: true, strictFileInteractability: false, timeouts: {implicit: 0, pageLoad: 300000, script: 30000}, unhandledPromptBehavior: dismiss and notify, webauthn:extension:credBlob: true, webauthn:extension:largeBlob: true, webauthn:extension:minPinLength: true, webauthn:extension:prf: true, webauthn:virtualAuthenticators: true}\nElement: [[ChromeDriver: chrome on windows (60cd04b02a474136ae946b1d9b311d4c)] -> xpath: //a[@class='s-pagination-item s-pagination-button s-pagination-button-accessibility']]\nSession ID: 60cd04b02a474136ae946b1d9b311d4c","trace":"org.openqa.selenium.ElementClickInterceptedException: element click intercepted: Element <a href=\"/s?k=samsung&amp;page=...&amp;xpid=qDp_Ixf4QSJJ7&amp;__mk_tr_TR=%C3%85M%C3%85%C5%BD%C3%95%C3%91&amp;qid=1742165118&amp;ref=sr_pg_2\" role=\"button\" tabindex=\"0\" aria-label=\"2 sayfasına git\" class=\"s-pagination-item s-pagination-button s-pagination-button-accessibility\">2</a> is not clickable at point (717, 35). Other element would receive the click: <input type=\"text\" id=\"twotabsearchtextbox\" value=\"samsung\" name=\"field-keywords\" autocomplete=\"off\" placeholder=\"Amazon.com.tr araması yapın\" class=\"nav-input nav-progressive-attribute\" dir=\"auto\" tabindex=\"0\" aria-label=\"Amazon.com.tr araması yapın\" role=\"searchbox\" aria-autocomplete=\"list\" aria-controls=\"sac-autocomplete-results-container\" aria-expanded=\"false\" aria-haspopup=\"grid\" spellcheck=\"false\">\n  (Session info: chrome=134.0.6998.89)\nBuild info: version: '4.29.0', revision: '5fc1ec94cb'\nSystem info: os.name: 'Windows 11', os.arch: 'amd64', os.version: '10.0', java.version: '17.0.14'\nDriver info: org.openqa.selenium.chrome.ChromeDriver\nCommand: [60cd04b02a474136ae946b1d9b311d4c, clickElement {id=f.6EFE115B4F68A4594E40B14B8B154586.d.AE85449E8FC5CDC2907227DC28D4C88E.e.291}]\nCapabilities {acceptInsecureCerts: false, browserName: chrome, browserVersion: 134.0.6998.89, chrome: {chromedriverVersion: 134.0.6998.88 (7e3d5c978c6d..., userDataDir: C:\\Users\\Dell\\AppData\\Local...}, fedcm:accounts: true, goog:chromeOptions: {debuggerAddress: localhost:61783}, networkConnectionEnabled: false, pageLoadStrategy: normal, platformName: windows, proxy: Proxy(), se:cdp: ws://localhost:61783/devtoo..., se:cdpVersion: 134.0.6998.89, setWindowRect: true, strictFileInteractability: false, timeouts: {implicit: 0, pageLoad: 300000, script: 30000}, unhandledPromptBehavior: dismiss and notify, webauthn:extension:credBlob: true, webauthn:extension:largeBlob: true, webauthn:extension:minPinLength: true, webauthn:extension:prf: true, webauthn:virtualAuthenticators: true}\nElement: [[ChromeDriver: chrome on windows (60cd04b02a474136ae946b1d9b311d4c)] -> xpath: //a[@class='s-pagination-item s-pagination-button s-pagination-button-accessibility']]\nSession ID: 60cd04b02a474136ae946b1d9b311d4c\r\n\tat java.base/jdk.internal.reflect.NativeConstructorAccessorImpl.newInstance0(Native Method)\r\n\tat java.base/jdk.internal.reflect.NativeConstructorAccessorImpl.newInstance(NativeConstructorAccessorImpl.java:77)\r\n\tat java.base/jdk.internal.reflect.DelegatingConstructorAccessorImpl.newInstance(DelegatingConstructorAccessorImpl.java:45)\r\n\tat java.base/java.lang.reflect.Constructor.newInstanceWithCaller(Constructor.java:500)\r\n\tat java.base/java.lang.reflect.Constructor.newInstance(Constructor.java:481)\r\n\tat org.openqa.selenium.remote.ErrorCodec.decode(ErrorCodec.java:167)\r\n\tat org.openqa.selenium.remote.codec.w3c.W3CHttpResponseCodec.decode(W3CHttpResponseCodec.java:138)\r\n\tat org.openqa.selenium.remote.codec.w3c.W3CHttpResponseCodec.decode(W3CHttpResponseCodec.java:50)\r\n\tat org.openqa.selenium.remote.HttpCommandExecutor.execute(HttpCommandExecutor.java:215)\r\n\tat org.openqa.selenium.remote.service.DriverCommandExecutor.invokeExecute(DriverCommandExecutor.java:216)\r\n\tat org.openqa.selenium.remote.service.DriverCommandExecutor.execute(DriverCommandExecutor.java:174)\r\n\tat org.openqa.selenium.remote.RemoteWebDriver.execute(RemoteWebDriver.java:545)\r\n\tat org.openqa.selenium.remote.RemoteWebElement.execute(RemoteWebElement.java:223)\r\n\tat org.openqa.selenium.remote.RemoteWebElement.click(RemoteWebElement.java:76)\r\n\tat pages.AmazonProductPage.goToSecondPage(AmazonProductPage.java:55)\r\n\tat tests.AmazonTest.amazon_shopping_test(AmazonTest.java:46)\r\n\tat java.base/jdk.internal.reflect.NativeMethodAccessorImpl.invoke0(Native Method)\r\n\tat java.base/jdk.internal.reflect.NativeMethodAccessorImpl.invoke(NativeMethodAccessorImpl.java:77)\r\n\tat java.base/jdk.internal.reflect.DelegatingMethodAccessorImpl.invoke(DelegatingMethodAccessorImpl.java:43)\r\n\tat java.base/java.lang.reflect.Method.invoke(Method.java:569)\r\n\tat org.testng.internal.invokers.MethodInvocationHelper.invokeMethod(MethodInvocationHelper.java:141)\r\n\tat org.testng.internal.invokers.TestInvoker.invokeMethod(TestInvoker.java:687)\r\n\tat org.testng.internal.invokers.TestInvoker.invokeTestMethod(TestInvoker.java:230)\r\n\tat org.testng.internal.invokers.MethodRunner.runInSequence(MethodRunner.java:63)\r\n\tat org.testng.internal.invokers.TestInvoker$MethodInvocationAgent.invoke(TestInvoker.java:995)\r\n\tat org.testng.internal.invokers.TestInvoker.invokeTestMethods(TestInvoker.java:203)\r\n\tat org.testng.internal.invokers.TestMethodWorker.invokeTestMethods(TestMethodWorker.java:154)\r\n\tat org.testng.internal.invokers.TestMethodWorker.run(TestMethodWorker.java:134)\r\n\tat java.base/java.util.ArrayList.forEach(ArrayList.java:1511)\r\n\tat org.testng.TestRunner.privateRun(TestRunner.java:741)\r\n\tat org.testng.TestRunner.run(TestRunner.java:616)\r\n\tat org.testng.SuiteRunner.runTest(SuiteRunner.java:421)\r\n\tat org.testng.SuiteRunner.runSequentially(SuiteRunner.java:413)\r\n\tat org.testng.SuiteRunner.privateRun(SuiteRunner.java:373)\r\n\tat org.testng.SuiteRunner.run(SuiteRunner.java:312)\r\n\tat org.testng.SuiteRunnerWorker.runSuite(SuiteRunnerWorker.java:52)\r\n\tat org.testng.SuiteRunnerWorker.run(SuiteRunnerWorker.java:95)\r\n\tat org.testng.TestNG.runSuitesSequentially(TestNG.java:1274)\r\n\tat org.testng.TestNG.runSuitesLocally(TestNG.java:1208)\r\n\tat org.testng.TestNG.runSuites(TestNG.java:1112)\r\n\tat org.testng.TestNG.run(TestNG.java:1079)\r\n\tat com.intellij.rt.testng.IDEARemoteTestNG.run(IDEARemoteTestNG.java:65)\r\n\tat com.intellij.rt.testng.RemoteTestNGStarter.main(RemoteTestNGStarter.java:105)\r\n"},"stage":"finished","steps":[{"name":"Amazona gidip anaSayfada oldugu dogrulanir","status":"passed","stage":"finished","steps":[],"attachments":[],"parameters":[],"start":1742165112487,"stop":1742165116071},{"name":"Amazon.com.tr'de cikan cookie handle ediliyor eger yoksa try-catch ile adimi atliyor","status":"passed","stage":"finished","steps":[],"attachments":[],"parameters":[],"start":1742165116072,"stop":1742165116159},{"name":"Samsung urun aramasi yapilir","status":"passed","stage":"finished","steps":[],"attachments":[],"parameters":[{"name":"urun","value":"product"}],"start":1742165116160,"stop":1742165116246},{"name":"Aranan ürünün sonuçlarinin oldugu dogrulanir","status":"passed","stage":"finished","steps":[],"attachments":[],"parameters":[],"start":1742165116247,"stop":1742165118697},{"name":"Arama sonucunun ikinci sayfasina gidilip, dogrulandi","status":"broken","statusDetails":{"known":false,"muted":false,"flaky":false,"message":"element click intercepted: Element <a href=\"/s?k=samsung&amp;page=...&amp;xpid=qDp_Ixf4QSJJ7&amp;__mk_tr_TR=%C3%85M%C3%85%C5%BD%C3%95%C3%91&amp;qid=1742165118&amp;ref=sr_pg_2\" role=\"button\" tabindex=\"0\" aria-label=\"2 sayfasına git\" class=\"s-pagination-item s-pagination-button s-pagination-button-accessibility\">2</a> is not clickable at point (717, 35). Other element would receive the click: <input type=\"text\" id=\"twotabsearchtextbox\" value=\"samsung\" name=\"field-keywords\" autocomplete=\"off\" placeholder=\"Amazon.com.tr araması yapın\" class=\"nav-input nav-progressive-attribute\" dir=\"auto\" tabindex=\"0\" aria-label=\"Amazon.com.tr araması yapın\" role=\"searchbox\" aria-autocomplete=\"list\" aria-controls=\"sac-autocomplete-results-container\" aria-expanded=\"false\" aria-haspopup=\"grid\" spellcheck=\"false\">\n  (Session info: chrome=134.0.6998.89)\nBuild info: version: '4.29.0', revision: '5fc1ec94cb'\nSystem info: os.name: 'Windows 11', os.arch: 'amd64', os.version: '10.0', java.version: '17.0.14'\nDriver info: org.openqa.selenium.chrome.ChromeDriver\nCommand: [60cd04b02a474136ae946b1d9b311d4c, clickElement {id=f.6EFE115B4F68A4594E40B14B8B154586.d.AE85449E8FC5CDC2907227DC28D4C88E.e.291}]\nCapabilities {acceptInsecureCerts: false, browserName: chrome, browserVersion: 134.0.6998.89, chrome: {chromedriverVersion: 134.0.6998.88 (7e3d5c978c6d..., userDataDir: C:\\Users\\Dell\\AppData\\Local...}, fedcm:accounts: true, goog:chromeOptions: {debuggerAddress: localhost:61783}, networkConnectionEnabled: false, pageLoadStrategy: normal, platformName: windows, proxy: Proxy(), se:cdp: ws://localhost:61783/devtoo..., se:cdpVersion: 134.0.6998.89, setWindowRect: true, strictFileInteractability: false, timeouts: {implicit: 0, pageLoad: 300000, script: 30000}, unhandledPromptBehavior: dismiss and notify, webauthn:extension:credBlob: true, webauthn:extension:largeBlob: true, webauthn:extension:minPinLength: true, webauthn:extension:prf: true, webauthn:virtualAuthenticators: true}\nElement: [[ChromeDriver: chrome on windows (60cd04b02a474136ae946b1d9b311d4c)] -> xpath: //a[@class='s-pagination-item s-pagination-button s-pagination-button-accessibility']]\nSession ID: 60cd04b02a474136ae946b1d9b311d4c","trace":"org.openqa.selenium.ElementClickInterceptedException: element click intercepted: Element <a href=\"/s?k=samsung&amp;page=...&amp;xpid=qDp_Ixf4QSJJ7&amp;__mk_tr_TR=%C3%85M%C3%85%C5%BD%C3%95%C3%91&amp;qid=1742165118&amp;ref=sr_pg_2\" role=\"button\" tabindex=\"0\" aria-label=\"2 sayfasına git\" class=\"s-pagination-item s-pagination-button s-pagination-button-accessibility\">2</a> is not clickable at point (717, 35). Other element would receive the click: <input type=\"text\" id=\"twotabsearchtextbox\" value=\"samsung\" name=\"field-keywords\" autocomplete=\"off\" placeholder=\"Amazon.com.tr araması yapın\" class=\"nav-input nav-progressive-attribute\" dir=\"auto\" tabindex=\"0\" aria-label=\"Amazon.com.tr araması yapın\" role=\"searchbox\" aria-autocomplete=\"list\" aria-controls=\"sac-autocomplete-results-container\" aria-expanded=\"false\" aria-haspopup=\"grid\" spellcheck=\"false\">\n  (Session info: chrome=134.0.6998.89)\nBuild info: version: '4.29.0', revision: '5fc1ec94cb'\nSystem info: os.name: 'Windows 11', os.arch: 'amd64', os.version: '10.0', java.version: '17.0.14'\nDriver info: org.openqa.selenium.chrome.ChromeDriver\nCommand: [60cd04b02a474136ae946b1d9b311d4c, clickElement {id=f.6EFE115B4F68A4594E40B14B8B154586.d.AE85449E8FC5CDC2907227DC28D4C88E.e.291}]\nCapabilities {acceptInsecureCerts: false, browserName: chrome, browserVersion: 134.0.6998.89, chrome: {chromedriverVersion: 134.0.6998.88 (7e3d5c978c6d..., userDataDir: C:\\Users\\Dell\\AppData\\Local...}, fedcm:accounts: true, goog:chromeOptions: {debuggerAddress: localhost:61783}, networkConnectionEnabled: false, pageLoadStrategy: normal, platformName: windows, proxy: Proxy(), se:cdp: ws://localhost:61783/devtoo..., se:cdpVersion: 134.0.6998.89, setWindowRect: true, strictFileInteractability: false, timeouts: {implicit: 0, pageLoad: 300000, script: 30000}, unhandledPromptBehavior: dismiss and notify, webauthn:extension:credBlob: true, webauthn:extension:largeBlob: true, webauthn:extension:minPinLength: true, webauthn:extension:prf: true, webauthn:virtualAuthenticators: true}\nElement: [[ChromeDriver: chrome on windows (60cd04b02a474136ae946b1d9b311d4c)] -> xpath: //a[@class='s-pagination-item s-pagination-button s-pagination-button-accessibility']]\nSession ID: 60cd04b02a474136ae946b1d9b311d4c\r\n\tat java.base/jdk.internal.reflect.NativeConstructorAccessorImpl.newInstance0(Native Method)\r\n\tat java.base/jdk.internal.reflect.NativeConstructorAccessorImpl.newInstance(NativeConstructorAccessorImpl.java:77)\r\n\tat java.base/jdk.internal.reflect.DelegatingConstructorAccessorImpl.newInstance(DelegatingConstructorAccessorImpl.java:45)\r\n\tat java.base/java.lang.reflect.Constructor.newInstanceWithCaller(Constructor.java:500)\r\n\tat java.base/java.lang.reflect.Constructor.newInstance(Constructor.java:481)\r\n\tat org.openqa.selenium.remote.ErrorCodec.decode(ErrorCodec.java:167)\r\n\tat org.openqa.selenium.remote.codec.w3c.W3CHttpResponseCodec.decode(W3CHttpResponseCodec.java:138)\r\n\tat org.openqa.selenium.remote.codec.w3c.W3CHttpResponseCodec.decode(W3CHttpResponseCodec.java:50)\r\n\tat org.openqa.selenium.remote.HttpCommandExecutor.execute(HttpCommandExecutor.java:215)\r\n\tat org.openqa.selenium.remote.service.DriverCommandExecutor.invokeExecute(DriverCommandExecutor.java:216)\r\n\tat org.openqa.selenium.remote.service.DriverCommandExecutor.execute(DriverCommandExecutor.java:174)\r\n\tat org.openqa.selenium.remote.RemoteWebDriver.execute(RemoteWebDriver.java:545)\r\n\tat org.openqa.selenium.remote.RemoteWebElement.execute(RemoteWebElement.java:223)\r\n\tat org.openqa.selenium.remote.RemoteWebElement.click(RemoteWebElement.java:76)\r\n\tat pages.AmazonProductPage.goToSecondPage(AmazonProductPage.java:55)\r\n\tat tests.AmazonTest.amazon_shopping_test(AmazonTest.java:46)\r\n\tat java.base/jdk.internal.reflect.NativeMethodAccessorImpl.invoke0(Native Method)\r\n\tat java.base/jdk.internal.reflect.NativeMethodAccessorImpl.invoke(NativeMethodAccessorImpl.java:77)\r\n\tat java.base/jdk.internal.reflect.DelegatingMethodAccessorImpl.invoke(DelegatingMethodAccessorImpl.java:43)\r\n\tat java.base/java.lang.reflect.Method.invoke(Method.java:569)\r\n\tat org.testng.internal.invokers.MethodInvocationHelper.invokeMethod(MethodInvocationHelper.java:141)\r\n\tat org.testng.internal.invokers.TestInvoker.invokeMethod(TestInvoker.java:687)\r\n\tat org.testng.internal.invokers.TestInvoker.invokeTestMethod(TestInvoker.java:230)\r\n\tat org.testng.internal.invokers.MethodRunner.runInSequence(MethodRunner.java:63)\r\n\tat org.testng.internal.invokers.TestInvoker$MethodInvocationAgent.invoke(TestInvoker.java:995)\r\n\tat org.testng.internal.invokers.TestInvoker.invokeTestMethods(TestInvoker.java:203)\r\n\tat org.testng.internal.invokers.TestMethodWorker.invokeTestMethods(TestMethodWorker.java:154)\r\n\tat org.testng.internal.invokers.TestMethodWorker.run(TestMethodWorker.java:134)\r\n\tat java.base/java.util.ArrayList.forEach(ArrayList.java:1511)\r\n\tat org.testng.TestRunner.privateRun(TestRunner.java:741)\r\n\tat org.testng.TestRunner.run(TestRunner.java:616)\r\n\tat org.testng.SuiteRunner.runTest(SuiteRunner.java:421)\r\n\tat org.testng.SuiteRunner.runSequentially(SuiteRunner.java:413)\r\n\tat org.testng.SuiteRunner.privateRun(SuiteRunner.java:373)\r\n\tat org.testng.SuiteRunner.run(SuiteRunner.java:312)\r\n\tat org.testng.SuiteRunnerWorker.runSuite(SuiteRunnerWorker.java:52)\r\n\tat org.testng.SuiteRunnerWorker.run(SuiteRunnerWorker.java:95)\r\n\tat org.testng.TestNG.runSuitesSequentially(TestNG.java:1274)\r\n\tat org.testng.TestNG.runSuitesLocally(TestNG.java:1208)\r\n\tat org.testng.TestNG.runSuites(TestNG.java:1112)\r\n\tat org.testng.TestNG.run(TestNG.java:1079)\r\n\tat com.intellij.rt.testng.IDEARemoteTestNG.run(IDEARemoteTestNG.java:65)\r\n\tat com.intellij.rt.testng.RemoteTestNGStarter.main(RemoteTestNGStarter.java:105)\r\n"},"stage":"finished","steps":[],"attachments":[],"parameters":[],"start":1742165118697,"stop":1742165121928}],"attachments":[],"parameters":[],"start":1742165112473,"stop":1742165121928}